# JRE version: 7.0_13-b20
# Java VM: Java HotSpot(TM) Client VM (23.7-b01 mixed mode windows-x86 )
Heap
 def new generation   total 14144K, used 9171K [0x03db0000, 0x04d00000, 0x19300000)
  eden space 12608K,  60% used [0x03db0000, 0x04524f28, 0x04a00000)
  from space 1536K, 100% used [0x04a00000, 0x04b80000, 0x04b80000)
  to   space 1536K,   0% used [0x04b80000, 0x04b80000, 0x04d00000)
 tenured generation   total 31220K, used 20994K [0x19300000, 0x1b17d000, 0x43db0000)
   the space 31220K,  67% used [0x19300000, 0x1a780840, 0x1a780a00, 0x1b17d000)
 compacting perm gen  total 12288K, used 3621K [0x43db0000, 0x449b0000, 0x47db0000)
   the space 12288K,  29% used [0x43db0000, 0x441395b0, 0x44139600, 0x449b0000)
GC Heap History (10 events):
Event: 5.787 GC heap before
{Heap before GC invocations=20 (full 1):
 def new generation   total 8768K, used 8767K [0x03db0000, 0x04730000, 0x19300000)
  eden space 7808K, 100% used [0x03db0000, 0x04550000, 0x04550000)
  from space 960K,  99% used [0x04640000, 0x0472fff8, 0x04730000)
  to   space 960K,   0% used [0x04550000, 0x04550000, 0x04640000)
 tenured generation   total 19308K, used 15790K [0x19300000, 0x1a5db000, 0x43db0000)
   the space 19308K,  81% used [0x19300000, 0x1a26bad8, 0x1a26bc00, 0x1a5db000)
 compacting perm gen  total 12288K, used 3620K [0x43db0000, 0x449b0000, 0x47db0000)
   the space 12288K,  29% used [0x43db0000, 0x44139248, 0x44139400, 0x449b0000)
No shared spaces configured.
Event: 5.812 GC heap after
Heap after GC invocations=21 (full 1):
 def new generation   total 8768K, used 959K [0x03db0000, 0x04730000, 0x19300000)
  eden space 7808K,   0% used [0x03db0000, 0x03db0000, 0x04550000)
  from space 960K,  99% used [0x04550000, 0x0463fff8, 0x04640000)
  to   space 960K,   0% used [0x04640000, 0x04640000, 0x04730000)
 tenured generation   total 19308K, used 17145K [0x19300000, 0x1a5db000, 0x43db0000)
   the space 19308K,  88% used [0x19300000, 0x1a3be5c8, 0x1a3be600, 0x1a5db000)
 compacting perm gen  total 12288K, used 3620K [0x43db0000, 0x449b0000, 0x47db0000)
   the space 12288K,  29% used [0x43db0000, 0x44139248, 0x44139400, 0x449b0000)
No shared spaces configured.
}
Event: 6.033 GC heap before
{Heap before GC invocations=21 (full 1):
 def new generation   total 8768K, used 8767K [0x03db0000, 0x04730000, 0x19300000)
  eden space 7808K, 100% used [0x03db0000, 0x04550000, 0x04550000)
  from space 960K,  99% used [0x04550000, 0x0463fff8, 0x04640000)
  to   space 960K,   0% used [0x04640000, 0x04640000, 0x04730000)
 tenured generation   total 19308K, used 17145K [0x19300000, 0x1a5db000, 0x43db0000)
   the space 19308K,  88% used [0x19300000, 0x1a3be5c8, 0x1a3be600, 0x1a5db000)
 compacting perm gen  total 12288K, used 3620K [0x43db0000, 0x449b0000, 0x47db0000)
   the space 12288K,  29% used [0x43db0000, 0x44139258, 0x44139400, 0x449b0000)
No shared spaces configured.
Event: 6.060 GC heap after
Heap after GC invocations=22 (full 1):
 def new generation   total 8768K, used 960K [0x03db0000, 0x04730000, 0x19300000)
  eden space 7808K,   0% used [0x03db0000, 0x03db0000, 0x04550000)
  from space 960K, 100% used [0x04640000, 0x04730000, 0x04730000)
  to   space 960K,   0% used [0x04550000, 0x04550000, 0x04640000)
 tenured generation   total 19308K, used 18359K [0x19300000, 0x1a5db000, 0x43db0000)
   the space 19308K,  95% used [0x19300000, 0x1a4ede78, 0x1a4ee000, 0x1a5db000)
 compacting perm gen  total 12288K, used 3620K [0x43db0000, 0x449b0000, 0x47db0000)
   the space 12288K,  29% used [0x43db0000, 0x44139258, 0x44139400, 0x449b0000)
No shared spaces configured.
}
Event: 6.386 GC heap before
{Heap before GC invocations=22 (full 1):
 def new generation   total 8768K, used 8768K [0x03db0000, 0x04730000, 0x19300000)
  eden space 7808K, 100% used [0x03db0000, 0x04550000, 0x04550000)
  from space 960K, 100% used [0x04640000, 0x04730000, 0x04730000)
  to   space 960K,   0% used [0x04550000, 0x04550000, 0x04640000)
 tenured generation   total 19308K, used 18359K [0x19300000, 0x1a5db000, 0x43db0000)
   the space 19308K,  95% used [0x19300000, 0x1a4ede78, 0x1a4ee000, 0x1a5db000)
 compacting perm gen  total 12288K, used 3620K [0x43db0000, 0x449b0000, 0x47db0000)
   the space 12288K,  29% used [0x43db0000, 0x44139268, 0x44139400, 0x449b0000)
No shared spaces configured.
Event: 6.663 GC heap after
Heap after GC invocations=23 (full 2):
 def new generation   total 14144K, used 0K [0x03db0000, 0x04d00000, 0x19300000)
  eden space 12608K,   0% used [0x03db0000, 0x03db0000, 0x04a00000)
  from space 1536K,   0% used [0x04a00000, 0x04a00000, 0x04b80000)
  to   space 1536K,   0% used [0x04b80000, 0x04b80000, 0x04d00000)
 tenured generation   total 31220K, used 18730K [0x19300000, 0x1b17d000, 0x43db0000)
   the space 31220K,  59% used [0x19300000, 0x1a54aaf8, 0x1a54ac00, 0x1b17d000)
 compacting perm gen  total 12288K, used 3620K [0x43db0000, 0x449b0000, 0x47db0000)
   the space 12288K,  29% used [0x43db0000, 0x44139268, 0x44139400, 0x449b0000)
No shared spaces configured.
}
Event: 7.002 GC heap before
{Heap before GC invocations=23 (full 2):
 def new generation   total 14144K, used 12608K [0x03db0000, 0x04d00000, 0x19300000)
  eden space 12608K, 100% used [0x03db0000, 0x04a00000, 0x04a00000)
  from space 1536K,   0% used [0x04a00000, 0x04a00000, 0x04b80000)
  to   space 1536K,   0% used [0x04b80000, 0x04b80000, 0x04d00000)
 tenured generation   total 31220K, used 18730K [0x19300000, 0x1b17d000, 0x43db0000)
   the space 31220K,  59% used [0x19300000, 0x1a54aaf8, 0x1a54ac00, 0x1b17d000)
 compacting perm gen  total 12288K, used 3621K [0x43db0000, 0x449b0000, 0x47db0000)
   the space 12288K,  29% used [0x43db0000, 0x441395a0, 0x44139600, 0x449b0000)
No shared spaces configured.
Event: 7.025 GC heap after
Heap after GC invocations=24 (full 2):
 def new generation   total 14144K, used 1536K [0x03db0000, 0x04d00000, 0x19300000)
  eden space 12608K,   0% used [0x03db0000, 0x03db0000, 0x04a00000)
  from space 1536K, 100% used [0x04b80000, 0x04d00000, 0x04d00000)
  to   space 1536K,   0% used [0x04a00000, 0x04a00000, 0x04b80000)
 tenured generation   total 31220K, used 19537K [0x19300000, 0x1b17d000, 0x43db0000)
   the space 31220K,  62% used [0x19300000, 0x1a614450, 0x1a614600, 0x1b17d000)
 compacting perm gen  total 12288K, used 3621K [0x43db0000, 0x449b0000, 0x47db0000)
   the space 12288K,  29% used [0x43db0000, 0x441395a0, 0x44139600, 0x449b0000)
No shared spaces configured.
}
Event: 7.243 GC heap before
{Heap before GC invocations=24 (full 2):
 def new generation   total 14144K, used 14144K [0x03db0000, 0x04d00000, 0x19300000)
  eden space 12608K, 100% used [0x03db0000, 0x04a00000, 0x04a00000)
  from space 1536K, 100% used [0x04b80000, 0x04d00000, 0x04d00000)
  to   space 1536K,   0% used [0x04a00000, 0x04a00000, 0x04b80000)
 tenured generation   total 31220K, used 19537K [0x19300000, 0x1b17d000, 0x43db0000)
   the space 31220K,  62% used [0x19300000, 0x1a614450, 0x1a614600, 0x1b17d000)
 compacting perm gen  total 12288K, used 3621K [0x43db0000, 0x449b0000, 0x47db0000)
   the space 12288K,  29% used [0x43db0000, 0x441395b0, 0x44139600, 0x449b0000)
No shared spaces configured.
Event: 7.272 GC heap after
Heap after GC invocations=25 (full 2):
 def new generation   total 14144K, used 1536K [0x03db0000, 0x04d00000, 0x19300000)
  eden space 12608K,   0% used [0x03db0000, 0x03db0000, 0x04a00000)
  from space 1536K, 100% used [0x04a00000, 0x04b80000, 0x04b80000)
  to   space 1536K,   0% used [0x04b80000, 0x04b80000, 0x04d00000)
 tenured generation   total 31220K, used 20994K [0x19300000, 0x1b17d000, 0x43db0000)
   the space 31220K,  67% used [0x19300000, 0x1a780840, 0x1a780a00, 0x1b17d000)
 compacting perm gen  total 12288K, used 3621K [0x43db0000, 0x449b0000, 0x47db0000)
   the space 12288K,  29% used [0x43db0000, 0x441395b0, 0x44139600, 0x449b0000)
No shared spaces configured.
}

