# JRE version: 7.0_13-b20
# Java VM: Java HotSpot(TM) Client VM (23.7-b01 mixed mode windows-x86 )
Heap
 def new generation   total 45952K, used 26468K [0x03770000, 0x06940000, 0x18cc0000)
  eden space 40896K,  59% used [0x03770000, 0x04f5d4b0, 0x05f60000)
  from space 5056K,  38% used [0x05f60000, 0x0614bee0, 0x06450000)
  to   space 5056K,   0% used [0x06450000, 0x06450000, 0x06940000)
 tenured generation   total 101832K, used 44757K [0x18cc0000, 0x1f032000, 0x43770000)
   the space 101832K,  43% used [0x18cc0000, 0x1b875468, 0x1b875600, 0x1f032000)
 compacting perm gen  total 40448K, used 40417K [0x43770000, 0x45ef0000, 0x53770000)
   the space 40448K,  99% used [0x43770000, 0x45ee8598, 0x45ee8600, 0x45ef0000)
GC Heap History (10 events):
Event: 6975.183 GC heap before
{Heap before GC invocations=155 (full 11):
 def new generation   total 45312K, used 45312K [0x03770000, 0x06890000, 0x18cc0000)
  eden space 40320K, 100% used [0x03770000, 0x05ed0000, 0x05ed0000)
  from space 4992K, 100% used [0x05ed0000, 0x063b0000, 0x063b0000)
  to   space 4992K,   0% used [0x063b0000, 0x063b0000, 0x06890000)
 tenured generation   total 100496K, used 89704K [0x18cc0000, 0x1eee4000, 0x43770000)
   the space 100496K,  89% used [0x18cc0000, 0x1e45a030, 0x1e45a200, 0x1eee4000)
 compacting perm gen  total 40960K, used 40884K [0x43770000, 0x45f70000, 0x53770000)
   the space 40960K,  99% used [0x43770000, 0x45f5d080, 0x45f5d200, 0x45f70000)
No shared spaces configured.
Event: 6975.254 GC heap after
Heap after GC invocations=156 (full 11):
 def new generation   total 45312K, used 3624K [0x03770000, 0x06890000, 0x18cc0000)
  eden space 40320K,   0% used [0x03770000, 0x03770000, 0x05ed0000)
  from space 4992K,  72% used [0x063b0000, 0x0673a350, 0x06890000)
  to   space 4992K,   0% used [0x05ed0000, 0x05ed0000, 0x063b0000)
 tenured generation   total 100496K, used 92557K [0x18cc0000, 0x1eee4000, 0x43770000)
   the space 100496K,  92% used [0x18cc0000, 0x1e723770, 0x1e723800, 0x1eee4000)
 compacting perm gen  total 40960K, used 40884K [0x43770000, 0x45f70000, 0x53770000)
   the space 40960K,  99% used [0x43770000, 0x45f5d080, 0x45f5d200, 0x45f70000)
No shared spaces configured.
}
Event: 6978.460 GC heap before
{Heap before GC invocations=156 (full 11):
 def new generation   total 45312K, used 43944K [0x03770000, 0x06890000, 0x18cc0000)
  eden space 40320K, 100% used [0x03770000, 0x05ed0000, 0x05ed0000)
  from space 4992K,  72% used [0x063b0000, 0x0673a350, 0x06890000)
  to   space 4992K,   0% used [0x05ed0000, 0x05ed0000, 0x063b0000)
 tenured generation   total 100496K, used 92557K [0x18cc0000, 0x1eee4000, 0x43770000)
   the space 100496K,  92% used [0x18cc0000, 0x1e723770, 0x1e723800, 0x1eee4000)
 compacting perm gen  total 40960K, used 40884K [0x43770000, 0x45f70000, 0x53770000)
   the space 40960K,  99% used [0x43770000, 0x45f5d0c0, 0x45f5d200, 0x45f70000)
No shared spaces configured.
Event: 6979.929 GC heap after
Heap after GC invocations=157 (full 12):
 def new generation   total 45952K, used 0K [0x03770000, 0x06940000, 0x18cc0000)
  eden space 40896K,   0% used [0x03770000, 0x03770000, 0x05f60000)
  from space 5056K,   0% used [0x05f60000, 0x05f60000, 0x06450000)
  to   space 5056K,   0% used [0x06450000, 0x06450000, 0x06940000)
 tenured generation   total 101832K, used 61097K [0x18cc0000, 0x1f032000, 0x43770000)
   the space 101832K,  59% used [0x18cc0000, 0x1c86a610, 0x1c86a800, 0x1f032000)
 compacting perm gen  total 40448K, used 40293K [0x43770000, 0x45ef0000, 0x53770000)
   the space 40448K,  99% used [0x43770000, 0x45ec9588, 0x45ec9600, 0x45ef0000)
No shared spaces configured.
}
Event: 6998.018 GC heap before
{Heap before GC invocations=157 (full 12):
 def new generation   total 45952K, used 40896K [0x03770000, 0x06940000, 0x18cc0000)
  eden space 40896K, 100% used [0x03770000, 0x05f60000, 0x05f60000)
  from space 5056K,   0% used [0x05f60000, 0x05f60000, 0x06450000)
  to   space 5056K,   0% used [0x06450000, 0x06450000, 0x06940000)
 tenured generation   total 101832K, used 61097K [0x18cc0000, 0x1f032000, 0x43770000)
   the space 101832K,  59% used [0x18cc0000, 0x1c86a610, 0x1c86a800, 0x1f032000)
 compacting perm gen  total 40448K, used 40301K [0x43770000, 0x45ef0000, 0x53770000)
   the space 40448K,  99% used [0x43770000, 0x45ecb4a8, 0x45ecb600, 0x45ef0000)
No shared spaces configured.
Event: 6998.084 GC heap after
Heap after GC invocations=158 (full 12):
 def new generation   total 45952K, used 4014K [0x03770000, 0x06940000, 0x18cc0000)
  eden space 40896K,   0% used [0x03770000, 0x03770000, 0x05f60000)
  from space 5056K,  79% used [0x06450000, 0x0683bbf0, 0x06940000)
  to   space 5056K,   0% used [0x05f60000, 0x05f60000, 0x06450000)
 tenured generation   total 101832K, used 61097K [0x18cc0000, 0x1f032000, 0x43770000)
   the space 101832K,  59% used [0x18cc0000, 0x1c86a610, 0x1c86a800, 0x1f032000)
 compacting perm gen  total 40448K, used 40301K [0x43770000, 0x45ef0000, 0x53770000)
   the space 40448K,  99% used [0x43770000, 0x45ecb4a8, 0x45ecb600, 0x45ef0000)
No shared spaces configured.
}
Event: 6999.768 GC heap before
{Heap before GC invocations=158 (full 12):
 def new generation   total 45952K, used 21161K [0x03770000, 0x06940000, 0x18cc0000)
  eden space 40896K,  41% used [0x03770000, 0x0482eb78, 0x05f60000)
  from space 5056K,  79% used [0x06450000, 0x0683bbf0, 0x06940000)
  to   space 5056K,   0% used [0x05f60000, 0x05f60000, 0x06450000)
 tenured generation   total 101832K, used 61097K [0x18cc0000, 0x1f032000, 0x43770000)
   the space 101832K,  59% used [0x18cc0000, 0x1c86a610, 0x1c86a800, 0x1f032000)
 compacting perm gen  total 40448K, used 40318K [0x43770000, 0x45ef0000, 0x53770000)
   the space 40448K,  99% used [0x43770000, 0x45ecf8b0, 0x45ecfa00, 0x45ef0000)
No shared spaces configured.
Event: 7000.377 GC heap after
Heap after GC invocations=159 (full 13):
 def new generation   total 45952K, used 0K [0x03770000, 0x06940000, 0x18cc0000)
  eden space 40896K,   0% used [0x03770000, 0x03770000, 0x05f60000)
  from space 5056K,   0% used [0x06450000, 0x06450000, 0x06940000)
  to   space 5056K,   0% used [0x05f60000, 0x05f60000, 0x06450000)
 tenured generation   total 101832K, used 44757K [0x18cc0000, 0x1f032000, 0x43770000)
   the space 101832K,  43% used [0x18cc0000, 0x1b875468, 0x1b875600, 0x1f032000)
 compacting perm gen  total 40448K, used 40318K [0x43770000, 0x45ef0000, 0x53770000)
   the space 40448K,  99% used [0x43770000, 0x45ecf8b0, 0x45ecfa00, 0x45ef0000)
No shared spaces configured.
}
Event: 7192.412 GC heap before
{Heap before GC invocations=159 (full 13):
 def new generation   total 45952K, used 40896K [0x03770000, 0x06940000, 0x18cc0000)
  eden space 40896K, 100% used [0x03770000, 0x05f60000, 0x05f60000)
  from space 5056K,   0% used [0x06450000, 0x06450000, 0x06940000)
  to   space 5056K,   0% used [0x05f60000, 0x05f60000, 0x06450000)
 tenured generation   total 101832K, used 44757K [0x18cc0000, 0x1f032000, 0x43770000)
   the space 101832K,  43% used [0x18cc0000, 0x1b875468, 0x1b875600, 0x1f032000)
 compacting perm gen  total 40448K, used 40417K [0x43770000, 0x45ef0000, 0x53770000)
   the space 40448K,  99% used [0x43770000, 0x45ee8538, 0x45ee8600, 0x45ef0000)
No shared spaces configured.
Event: 7192.436 GC heap after
Heap after GC invocations=160 (full 13):
 def new generation   total 45952K, used 1967K [0x03770000, 0x06940000, 0x18cc0000)
  eden space 40896K,   0% used [0x03770000, 0x03770000, 0x05f60000)
  from space 5056K,  38% used [0x05f60000, 0x0614bee0, 0x06450000)
  to   space 5056K,   0% used [0x06450000, 0x06450000, 0x06940000)
 tenured generation   total 101832K, used 44757K [0x18cc0000, 0x1f032000, 0x43770000)
   the space 101832K,  43% used [0x18cc0000, 0x1b875468, 0x1b875600, 0x1f032000)
 compacting perm gen  total 40448K, used 40417K [0x43770000, 0x45ef0000, 0x53770000)
   the space 40448K,  99% used [0x43770000, 0x45ee8538, 0x45ee8600, 0x45ef0000)
No shared spaces configured.
}

