# JRE version: 7.0_13-b20
# Java VM: Java HotSpot(TM) Client VM (23.7-b01 mixed mode windows-x86 )
Heap
 def new generation   total 39168K, used 39168K [0x04260000, 0x06cd0000, 0x197b0000)
  eden space 34880K, 100% used [0x04260000, 0x06470000, 0x06470000)
  from space 4288K, 100% used [0x06470000, 0x068a0000, 0x068a0000)
  to   space 4288K,   8% used [0x068a0000, 0x068fdc60, 0x06cd0000)
 tenured generation   total 86712K, used 37896K [0x197b0000, 0x1ec5e000, 0x44260000)
   the space 86712K,  43% used [0x197b0000, 0x1bcb21c8, 0x1bcb2200, 0x1ec5e000)
 compacting perm gen  total 37376K, used 37280K [0x44260000, 0x466e0000, 0x54260000)
   the space 37376K,  99% used [0x44260000, 0x466c8088, 0x466c8200, 0x466e0000)
GC Heap History (10 events):
Event: 1997.053 GC heap after
Heap after GC invocations=189 (full 15):
 def new generation   total 39168K, used 1836K [0x04260000, 0x06cd0000, 0x197b0000)
  eden space 34880K,   0% used [0x04260000, 0x04260000, 0x06470000)
  from space 4288K,  42% used [0x068a0000, 0x06a6b1f0, 0x06cd0000)
  to   space 4288K,   0% used [0x06470000, 0x06470000, 0x068a0000)
 tenured generation   total 86712K, used 51674K [0x197b0000, 0x1ec5e000, 0x44260000)
   the space 86712K,  59% used [0x197b0000, 0x1ca269d0, 0x1ca26a00, 0x1ec5e000)
 compacting perm gen  total 37632K, used 37435K [0x44260000, 0x46720000, 0x54260000)
   the space 37632K,  99% used [0x44260000, 0x466eed88, 0x466eee00, 0x46720000)
No shared spaces configured.
}
Event: 1997.799 GC heap before
{Heap before GC invocations=189 (full 15):
 def new generation   total 39168K, used 9851K [0x04260000, 0x06cd0000, 0x197b0000)
  eden space 34880K,  22% used [0x04260000, 0x04a33cd8, 0x06470000)
  from space 4288K,  42% used [0x068a0000, 0x06a6b1f0, 0x06cd0000)
  to   space 4288K,   0% used [0x06470000, 0x06470000, 0x068a0000)
 tenured generation   total 86712K, used 51674K [0x197b0000, 0x1ec5e000, 0x44260000)
   the space 86712K,  59% used [0x197b0000, 0x1ca269d0, 0x1ca26a00, 0x1ec5e000)
 compacting perm gen  total 37632K, used 37436K [0x44260000, 0x46720000, 0x54260000)
   the space 37632K,  99% used [0x44260000, 0x466ef230, 0x466ef400, 0x46720000)
No shared spaces configured.
Event: 1998.409 GC heap after
Heap after GC invocations=190 (full 16):
 def new generation   total 39168K, used 0K [0x04260000, 0x06cd0000, 0x197b0000)
  eden space 34880K,   0% used [0x04260000, 0x04260000, 0x06470000)
  from space 4288K,   0% used [0x068a0000, 0x068a0000, 0x06cd0000)
  to   space 4288K,   0% used [0x06470000, 0x06470000, 0x068a0000)
 tenured generation   total 86712K, used 31787K [0x197b0000, 0x1ec5e000, 0x44260000)
   the space 86712K,  36% used [0x197b0000, 0x1b6baff0, 0x1b6bb000, 0x1ec5e000)
 compacting perm gen  total 37376K, used 37198K [0x44260000, 0x466e0000, 0x54260000)
   the space 37376K,  99% used [0x44260000, 0x466b3a50, 0x466b3c00, 0x466e0000)
No shared spaces configured.
}
Event: 2094.649 GC heap before
{Heap before GC invocations=190 (full 16):
 def new generation   total 39168K, used 34880K [0x04260000, 0x06cd0000, 0x197b0000)
  eden space 34880K, 100% used [0x04260000, 0x06470000, 0x06470000)
  from space 4288K,   0% used [0x068a0000, 0x068a0000, 0x06cd0000)
  to   space 4288K,   0% used [0x06470000, 0x06470000, 0x068a0000)
 tenured generation   total 86712K, used 31787K [0x197b0000, 0x1ec5e000, 0x44260000)
   the space 86712K,  36% used [0x197b0000, 0x1b6baff0, 0x1b6bb000, 0x1ec5e000)
 compacting perm gen  total 37376K, used 37279K [0x44260000, 0x466e0000, 0x54260000)
   the space 37376K,  99% used [0x44260000, 0x466c7fb8, 0x466c8000, 0x466e0000)
No shared spaces configured.
Event: 2094.674 GC heap after
Heap after GC invocations=191 (full 16):
 def new generation   total 39168K, used 2376K [0x04260000, 0x06cd0000, 0x197b0000)
  eden space 34880K,   0% used [0x04260000, 0x04260000, 0x06470000)
  from space 4288K,  55% used [0x06470000, 0x066c22d8, 0x068a0000)
  to   space 4288K,   0% used [0x068a0000, 0x068a0000, 0x06cd0000)
 tenured generation   total 86712K, used 31787K [0x197b0000, 0x1ec5e000, 0x44260000)
   the space 86712K,  36% used [0x197b0000, 0x1b6baff0, 0x1b6bb000, 0x1ec5e000)
 compacting perm gen  total 37376K, used 37279K [0x44260000, 0x466e0000, 0x54260000)
   the space 37376K,  99% used [0x44260000, 0x466c7fb8, 0x466c8000, 0x466e0000)
No shared spaces configured.
}
Event: 2095.645 GC heap before
{Heap before GC invocations=191 (full 16):
 def new generation   total 39168K, used 37256K [0x04260000, 0x06cd0000, 0x197b0000)
  eden space 34880K, 100% used [0x04260000, 0x06470000, 0x06470000)
  from space 4288K,  55% used [0x06470000, 0x066c22d8, 0x068a0000)
  to   space 4288K,   0% used [0x068a0000, 0x068a0000, 0x06cd0000)
 tenured generation   total 86712K, used 31787K [0x197b0000, 0x1ec5e000, 0x44260000)
   the space 86712K,  36% used [0x197b0000, 0x1b6baff0, 0x1b6bb000, 0x1ec5e000)
 compacting perm gen  total 37376K, used 37280K [0x44260000, 0x466e0000, 0x54260000)
   the space 37376K,  99% used [0x44260000, 0x466c8028, 0x466c8200, 0x466e0000)
No shared spaces configured.
Event: 2095.673 GC heap after
Heap after GC invocations=192 (full 16):
 def new generation   total 39168K, used 2118K [0x04260000, 0x06cd0000, 0x197b0000)
  eden space 34880K,   0% used [0x04260000, 0x04260000, 0x06470000)
  from space 4288K,  49% used [0x068a0000, 0x06ab1920, 0x06cd0000)
  to   space 4288K,   0% used [0x06470000, 0x06470000, 0x068a0000)
 tenured generation   total 86712K, used 33563K [0x197b0000, 0x1ec5e000, 0x44260000)
   the space 86712K,  38% used [0x197b0000, 0x1b876f00, 0x1b877000, 0x1ec5e000)
 compacting perm gen  total 37376K, used 37280K [0x44260000, 0x466e0000, 0x54260000)
   the space 37376K,  99% used [0x44260000, 0x466c8028, 0x466c8200, 0x466e0000)
No shared spaces configured.
}
Event: 2096.828 GC heap before
{Heap before GC invocations=192 (full 16):
 def new generation   total 39168K, used 36998K [0x04260000, 0x06cd0000, 0x197b0000)
  eden space 34880K, 100% used [0x04260000, 0x06470000, 0x06470000)
  from space 4288K,  49% used [0x068a0000, 0x06ab1920, 0x06cd0000)
  to   space 4288K,   0% used [0x06470000, 0x06470000, 0x068a0000)
 tenured generation   total 86712K, used 33563K [0x197b0000, 0x1ec5e000, 0x44260000)
   the space 86712K,  38% used [0x197b0000, 0x1b876f00, 0x1b877000, 0x1ec5e000)
 compacting perm gen  total 37376K, used 37280K [0x44260000, 0x466e0000, 0x54260000)
   the space 37376K,  99% used [0x44260000, 0x466c8088, 0x466c8200, 0x466e0000)
No shared spaces configured.
Event: 2096.885 GC heap after
Heap after GC invocations=193 (full 16):
 def new generation   total 39168K, used 4288K [0x04260000, 0x06cd0000, 0x197b0000)
  eden space 34880K,   0% used [0x04260000, 0x04260000, 0x06470000)
  from space 4288K, 100% used [0x06470000, 0x068a0000, 0x068a0000)
  to   space 4288K,   0% used [0x068a0000, 0x068a0000, 0x06cd0000)
 tenured generation   total 86712K, used 34992K [0x197b0000, 0x1ec5e000, 0x44260000)
   the space 86712K,  40% used [0x197b0000, 0x1b9dc250, 0x1b9dc400, 0x1ec5e000)
 compacting perm gen  total 37376K, used 37280K [0x44260000, 0x466e0000, 0x54260000)
   the space 37376K,  99% used [0x44260000, 0x466c8088, 0x466c8200, 0x466e0000)
No shared spaces configured.
}
Event: 2100.503 GC heap before
{Heap before GC invocations=193 (full 16):
 def new generation   total 39168K, used 39168K [0x04260000, 0x06cd0000, 0x197b0000)
  eden space 34880K, 100% used [0x04260000, 0x06470000, 0x06470000)
  from space 4288K, 100% used [0x06470000, 0x068a0000, 0x068a0000)
  to   space 4288K,   0% used [0x068a0000, 0x068a0000, 0x06cd0000)
 tenured generation   total 86712K, used 34992K [0x197b0000, 0x1ec5e000, 0x44260000)
   the space 86712K,  40% used [0x197b0000, 0x1b9dc250, 0x1b9dc400, 0x1ec5e000)
 compacting perm gen  total 37376K, used 37280K [0x44260000, 0x466e0000, 0x54260000)
   the space 37376K,  99% used [0x44260000, 0x466c8088, 0x466c8200, 0x466e0000)
No shared spaces configured.

