# JRE version: 7.0_13-b20
# Java VM: Java HotSpot(TM) Client VM (23.7-b01 mixed mode windows-x86 )
Heap
 def new generation   total 38272K, used 18523K [0x03da0000, 0x06720000, 0x192f0000)
  eden space 34048K,  48% used [0x03da0000, 0x04dbaab8, 0x05ee0000)
  from space 4224K,  48% used [0x05ee0000, 0x060dc2e0, 0x06300000)
  to   space 4224K,   0% used [0x06300000, 0x06300000, 0x06720000)
 tenured generation   total 84820K, used 79158K [0x192f0000, 0x1e5c5000, 0x43da0000)
   the space 84820K,  93% used [0x192f0000, 0x1e03d908, 0x1e03da00, 0x1e5c5000)
 compacting perm gen  total 44288K, used 44085K [0x43da0000, 0x468e0000, 0x53da0000)
   the space 44288K,  99% used [0x43da0000, 0x468ad478, 0x468ad600, 0x468e0000)
GC Heap History (10 events):
Event: 2320.498 GC heap before
{Heap before GC invocations=204 (full 13):
 def new generation   total 38272K, used 35542K [0x03da0000, 0x06720000, 0x192f0000)
  eden space 34048K, 100% used [0x03da0000, 0x05ee0000, 0x05ee0000)
  from space 4224K,  35% used [0x06300000, 0x06475a38, 0x06720000)
  to   space 4224K,   0% used [0x05ee0000, 0x05ee0000, 0x06300000)
 tenured generation   total 84820K, used 64795K [0x192f0000, 0x1e5c5000, 0x43da0000)
   the space 84820K,  76% used [0x192f0000, 0x1d236c10, 0x1d236e00, 0x1e5c5000)
 compacting perm gen  total 44288K, used 44085K [0x43da0000, 0x468e0000, 0x53da0000)
   the space 44288K,  99% used [0x43da0000, 0x468ad448, 0x468ad600, 0x468e0000)
No shared spaces configured.
Event: 2320.597 GC heap after
Heap after GC invocations=205 (full 13):
 def new generation   total 38272K, used 4224K [0x03da0000, 0x06720000, 0x192f0000)
  eden space 34048K,   0% used [0x03da0000, 0x03da0000, 0x05ee0000)
  from space 4224K, 100% used [0x05ee0000, 0x06300000, 0x06300000)
  to   space 4224K,   0% used [0x06300000, 0x06300000, 0x06720000)
 tenured generation   total 84820K, used 71383K [0x192f0000, 0x1e5c5000, 0x43da0000)
   the space 84820K,  84% used [0x192f0000, 0x1d8a5d18, 0x1d8a5e00, 0x1e5c5000)
 compacting perm gen  total 44288K, used 44085K [0x43da0000, 0x468e0000, 0x53da0000)
   the space 44288K,  99% used [0x43da0000, 0x468ad448, 0x468ad600, 0x468e0000)
No shared spaces configured.
}
Event: 2321.643 GC heap before
{Heap before GC invocations=205 (full 13):
 def new generation   total 38272K, used 38272K [0x03da0000, 0x06720000, 0x192f0000)
  eden space 34048K, 100% used [0x03da0000, 0x05ee0000, 0x05ee0000)
  from space 4224K, 100% used [0x05ee0000, 0x06300000, 0x06300000)
  to   space 4224K,   0% used [0x06300000, 0x06300000, 0x06720000)
 tenured generation   total 84820K, used 71383K [0x192f0000, 0x1e5c5000, 0x43da0000)
   the space 84820K,  84% used [0x192f0000, 0x1d8a5d18, 0x1d8a5e00, 0x1e5c5000)
 compacting perm gen  total 44288K, used 44085K [0x43da0000, 0x468e0000, 0x53da0000)
   the space 44288K,  99% used [0x43da0000, 0x468ad448, 0x468ad600, 0x468e0000)
No shared spaces configured.
Event: 2321.715 GC heap after
Heap after GC invocations=206 (full 13):
 def new generation   total 38272K, used 2672K [0x03da0000, 0x06720000, 0x192f0000)
  eden space 34048K,   0% used [0x03da0000, 0x03da0000, 0x05ee0000)
  from space 4224K,  63% used [0x06300000, 0x0659c050, 0x06720000)
  to   space 4224K,   0% used [0x05ee0000, 0x05ee0000, 0x06300000)
 tenured generation   total 84820K, used 75562K [0x192f0000, 0x1e5c5000, 0x43da0000)
   the space 84820K,  89% used [0x192f0000, 0x1dcba930, 0x1dcbaa00, 0x1e5c5000)
 compacting perm gen  total 44288K, used 44085K [0x43da0000, 0x468e0000, 0x53da0000)
   the space 44288K,  99% used [0x43da0000, 0x468ad448, 0x468ad600, 0x468e0000)
No shared spaces configured.
}
Event: 2323.077 GC heap before
{Heap before GC invocations=206 (full 13):
 def new generation   total 38272K, used 36720K [0x03da0000, 0x06720000, 0x192f0000)
  eden space 34048K, 100% used [0x03da0000, 0x05ee0000, 0x05ee0000)
  from space 4224K,  63% used [0x06300000, 0x0659c050, 0x06720000)
  to   space 4224K,   0% used [0x05ee0000, 0x05ee0000, 0x06300000)
 tenured generation   total 84820K, used 75562K [0x192f0000, 0x1e5c5000, 0x43da0000)
   the space 84820K,  89% used [0x192f0000, 0x1dcba930, 0x1dcbaa00, 0x1e5c5000)
 compacting perm gen  total 44288K, used 44085K [0x43da0000, 0x468e0000, 0x53da0000)
   the space 44288K,  99% used [0x43da0000, 0x468ad448, 0x468ad600, 0x468e0000)
No shared spaces configured.
Event: 2323.115 GC heap after
Heap after GC invocations=207 (full 13):
 def new generation   total 38272K, used 1411K [0x03da0000, 0x06720000, 0x192f0000)
  eden space 34048K,   0% used [0x03da0000, 0x03da0000, 0x05ee0000)
  from space 4224K,  33% used [0x05ee0000, 0x06040ce8, 0x06300000)
  to   space 4224K,   0% used [0x06300000, 0x06300000, 0x06720000)
 tenured generation   total 84820K, used 78077K [0x192f0000, 0x1e5c5000, 0x43da0000)
   the space 84820K,  92% used [0x192f0000, 0x1df2f620, 0x1df2f800, 0x1e5c5000)
 compacting perm gen  total 44288K, used 44085K [0x43da0000, 0x468e0000, 0x53da0000)
   the space 44288K,  99% used [0x43da0000, 0x468ad448, 0x468ad600, 0x468e0000)
No shared spaces configured.
}
Event: 2333.876 GC heap before
{Heap before GC invocations=207 (full 13):
 def new generation   total 38272K, used 35459K [0x03da0000, 0x06720000, 0x192f0000)
  eden space 34048K, 100% used [0x03da0000, 0x05ee0000, 0x05ee0000)
  from space 4224K,  33% used [0x05ee0000, 0x06040ce8, 0x06300000)
  to   space 4224K,   0% used [0x06300000, 0x06300000, 0x06720000)
 tenured generation   total 84820K, used 78077K [0x192f0000, 0x1e5c5000, 0x43da0000)
   the space 84820K,  92% used [0x192f0000, 0x1df2f620, 0x1df2f800, 0x1e5c5000)
 compacting perm gen  total 44288K, used 44085K [0x43da0000, 0x468e0000, 0x53da0000)
   the space 44288K,  99% used [0x43da0000, 0x468ad478, 0x468ad600, 0x468e0000)
No shared spaces configured.
Event: 2333.900 GC heap after
Heap after GC invocations=208 (full 13):
 def new generation   total 38272K, used 2549K [0x03da0000, 0x06720000, 0x192f0000)
  eden space 34048K,   0% used [0x03da0000, 0x03da0000, 0x05ee0000)
  from space 4224K,  60% used [0x06300000, 0x0657d588, 0x06720000)
  to   space 4224K,   0% used [0x05ee0000, 0x05ee0000, 0x06300000)
 tenured generation   total 84820K, used 78077K [0x192f0000, 0x1e5c5000, 0x43da0000)
   the space 84820K,  92% used [0x192f0000, 0x1df2f620, 0x1df2f800, 0x1e5c5000)
 compacting perm gen  total 44288K, used 44085K [0x43da0000, 0x468e0000, 0x53da0000)
   the space 44288K,  99% used [0x43da0000, 0x468ad478, 0x468ad600, 0x468e0000)
No shared spaces configured.
}
Event: 2340.966 GC heap before
{Heap before GC invocations=208 (full 13):
 def new generation   total 38272K, used 36597K [0x03da0000, 0x06720000, 0x192f0000)
  eden space 34048K, 100% used [0x03da0000, 0x05ee0000, 0x05ee0000)
  from space 4224K,  60% used [0x06300000, 0x0657d588, 0x06720000)
  to   space 4224K,   0% used [0x05ee0000, 0x05ee0000, 0x06300000)
 tenured generation   total 84820K, used 78077K [0x192f0000, 0x1e5c5000, 0x43da0000)
   the space 84820K,  92% used [0x192f0000, 0x1df2f620, 0x1df2f800, 0x1e5c5000)
 compacting perm gen  total 44288K, used 44085K [0x43da0000, 0x468e0000, 0x53da0000)
   the space 44288K,  99% used [0x43da0000, 0x468ad478, 0x468ad600, 0x468e0000)
No shared spaces configured.
Event: 2340.990 GC heap after
Heap after GC invocations=209 (full 13):
 def new generation   total 38272K, used 2032K [0x03da0000, 0x06720000, 0x192f0000)
  eden space 34048K,   0% used [0x03da0000, 0x03da0000, 0x05ee0000)
  from space 4224K,  48% used [0x05ee0000, 0x060dc2e0, 0x06300000)
  to   space 4224K,   0% used [0x06300000, 0x06300000, 0x06720000)
 tenured generation   total 84820K, used 79158K [0x192f0000, 0x1e5c5000, 0x43da0000)
   the space 84820K,  93% used [0x192f0000, 0x1e03d908, 0x1e03da00, 0x1e5c5000)
 compacting perm gen  total 44288K, used 44085K [0x43da0000, 0x468e0000, 0x53da0000)
   the space 44288K,  99% used [0x43da0000, 0x468ad478, 0x468ad600, 0x468e0000)
No shared spaces configured.
}

