# JRE version: 7.0_13-b20
# Java VM: Java HotSpot(TM) Client VM (23.7-b01 mixed mode windows-x86 )
Heap
 def new generation   total 7232K, used 4993K [0x037d0000, 0x03fa0000, 0x18d20000)
  eden space 6464K,  65% used [0x037d0000, 0x03bf07a0, 0x03e20000)
  from space 768K, 100% used [0x03ee0000, 0x03fa0000, 0x03fa0000)
  to   space 768K,   0% used [0x03e20000, 0x03e20000, 0x03ee0000)
 tenured generation   total 15856K, used 15738K [0x18d20000, 0x19c9c000, 0x437d0000)
   the space 15856K,  99% used [0x18d20000, 0x19c7eb18, 0x19c7ec00, 0x19c9c000)
 compacting perm gen  total 22016K, used 21993K [0x437d0000, 0x44d50000, 0x537d0000)
   the space 22016K,  99% used [0x437d0000, 0x44d4a518, 0x44d4a600, 0x44d50000)
GC Heap History (10 events):
Event: 21.752 GC heap before
{Heap before GC invocations=59 (full 2):
 def new generation   total 7232K, used 7227K [0x037d0000, 0x03fa0000, 0x18d20000)
  eden space 6464K,  99% used [0x037d0000, 0x03e1ed58, 0x03e20000)
  from space 768K,  99% used [0x03e20000, 0x03edfff8, 0x03ee0000)
  to   space 768K,   0% used [0x03ee0000, 0x03ee0000, 0x03fa0000)
 tenured generation   total 15856K, used 11821K [0x18d20000, 0x19c9c000, 0x437d0000)
   the space 15856K,  74% used [0x18d20000, 0x198ab450, 0x198ab600, 0x19c9c000)
 compacting perm gen  total 21248K, used 21024K [0x437d0000, 0x44c90000, 0x537d0000)
   the space 21248K,  98% used [0x437d0000, 0x44c58060, 0x44c58200, 0x44c90000)
No shared spaces configured.
Event: 21.766 GC heap after
Heap after GC invocations=60 (full 2):
 def new generation   total 7232K, used 613K [0x037d0000, 0x03fa0000, 0x18d20000)
  eden space 6464K,   0% used [0x037d0000, 0x037d0000, 0x03e20000)
  from space 768K,  79% used [0x03ee0000, 0x03f79718, 0x03fa0000)
  to   space 768K,   0% used [0x03e20000, 0x03e20000, 0x03ee0000)
 tenured generation   total 15856K, used 12494K [0x18d20000, 0x19c9c000, 0x437d0000)
   the space 15856K,  78% used [0x18d20000, 0x19953aa8, 0x19953c00, 0x19c9c000)
 compacting perm gen  total 21248K, used 21024K [0x437d0000, 0x44c90000, 0x537d0000)
   the space 21248K,  98% used [0x437d0000, 0x44c58060, 0x44c58200, 0x44c90000)
No shared spaces configured.
}
Event: 21.936 GC heap before
{Heap before GC invocations=60 (full 2):
 def new generation   total 7232K, used 7064K [0x037d0000, 0x03fa0000, 0x18d20000)
  eden space 6464K,  99% used [0x037d0000, 0x03e1cac0, 0x03e20000)
  from space 768K,  79% used [0x03ee0000, 0x03f79718, 0x03fa0000)
  to   space 768K,   0% used [0x03e20000, 0x03e20000, 0x03ee0000)
 tenured generation   total 15856K, used 12494K [0x18d20000, 0x19c9c000, 0x437d0000)
   the space 15856K,  78% used [0x18d20000, 0x19953aa8, 0x19953c00, 0x19c9c000)
 compacting perm gen  total 21760K, used 21504K [0x437d0000, 0x44d10000, 0x537d0000)
   the space 21760K,  98% used [0x437d0000, 0x44cd0100, 0x44cd0200, 0x44d10000)
No shared spaces configured.
Event: 21.947 GC heap after
Heap after GC invocations=61 (full 2):
 def new generation   total 7232K, used 763K [0x037d0000, 0x03fa0000, 0x18d20000)
  eden space 6464K,   0% used [0x037d0000, 0x037d0000, 0x03e20000)
  from space 768K,  99% used [0x03e20000, 0x03ededb8, 0x03ee0000)
  to   space 768K,   0% used [0x03ee0000, 0x03ee0000, 0x03fa0000)
 tenured generation   total 15856K, used 12912K [0x18d20000, 0x19c9c000, 0x437d0000)
   the space 15856K,  81% used [0x18d20000, 0x199bc048, 0x199bc200, 0x19c9c000)
 compacting perm gen  total 21760K, used 21504K [0x437d0000, 0x44d10000, 0x537d0000)
   the space 21760K,  98% used [0x437d0000, 0x44cd0100, 0x44cd0200, 0x44d10000)
No shared spaces configured.
}
Event: 22.114 GC heap before
{Heap before GC invocations=61 (full 2):
 def new generation   total 7232K, used 7227K [0x037d0000, 0x03fa0000, 0x18d20000)
  eden space 6464K, 100% used [0x037d0000, 0x03e20000, 0x03e20000)
  from space 768K,  99% used [0x03e20000, 0x03ededb8, 0x03ee0000)
  to   space 768K,   0% used [0x03ee0000, 0x03ee0000, 0x03fa0000)
 tenured generation   total 15856K, used 12912K [0x18d20000, 0x19c9c000, 0x437d0000)
   the space 15856K,  81% used [0x18d20000, 0x199bc048, 0x199bc200, 0x19c9c000)
 compacting perm gen  total 21760K, used 21526K [0x437d0000, 0x44d10000, 0x537d0000)
   the space 21760K,  98% used [0x437d0000, 0x44cd5af0, 0x44cd5c00, 0x44d10000)
No shared spaces configured.
Event: 22.130 GC heap after
Heap after GC invocations=62 (full 2):
 def new generation   total 7232K, used 768K [0x037d0000, 0x03fa0000, 0x18d20000)
  eden space 6464K,   0% used [0x037d0000, 0x037d0000, 0x03e20000)
  from space 768K, 100% used [0x03ee0000, 0x03fa0000, 0x03fa0000)
  to   space 768K,   0% used [0x03e20000, 0x03e20000, 0x03ee0000)
 tenured generation   total 15856K, used 13946K [0x18d20000, 0x19c9c000, 0x437d0000)
   the space 15856K,  87% used [0x18d20000, 0x19abeb08, 0x19abec00, 0x19c9c000)
 compacting perm gen  total 21760K, used 21526K [0x437d0000, 0x44d10000, 0x537d0000)
   the space 21760K,  98% used [0x437d0000, 0x44cd5af0, 0x44cd5c00, 0x44d10000)
No shared spaces configured.
}
Event: 22.397 GC heap before
{Heap before GC invocations=62 (full 2):
 def new generation   total 7232K, used 7232K [0x037d0000, 0x03fa0000, 0x18d20000)
  eden space 6464K, 100% used [0x037d0000, 0x03e20000, 0x03e20000)
  from space 768K, 100% used [0x03ee0000, 0x03fa0000, 0x03fa0000)
  to   space 768K,   0% used [0x03e20000, 0x03e20000, 0x03ee0000)
 tenured generation   total 15856K, used 13946K [0x18d20000, 0x19c9c000, 0x437d0000)
   the space 15856K,  87% used [0x18d20000, 0x19abeb08, 0x19abec00, 0x19c9c000)
 compacting perm gen  total 21760K, used 21674K [0x437d0000, 0x44d10000, 0x537d0000)
   the space 21760K,  99% used [0x437d0000, 0x44cfaaa0, 0x44cfac00, 0x44d10000)
No shared spaces configured.
Event: 22.414 GC heap after
Heap after GC invocations=63 (full 2):
 def new generation   total 7232K, used 768K [0x037d0000, 0x03fa0000, 0x18d20000)
  eden space 6464K,   0% used [0x037d0000, 0x037d0000, 0x03e20000)
  from space 768K, 100% used [0x03e20000, 0x03ee0000, 0x03ee0000)
  to   space 768K,   0% used [0x03ee0000, 0x03ee0000, 0x03fa0000)
 tenured generation   total 15856K, used 14916K [0x18d20000, 0x19c9c000, 0x437d0000)
   the space 15856K,  94% used [0x18d20000, 0x19bb11d0, 0x19bb1200, 0x19c9c000)
 compacting perm gen  total 21760K, used 21674K [0x437d0000, 0x44d10000, 0x537d0000)
   the space 21760K,  99% used [0x437d0000, 0x44cfaaa0, 0x44cfac00, 0x44d10000)
No shared spaces configured.
}
Event: 22.622 GC heap before
{Heap before GC invocations=63 (full 2):
 def new generation   total 7232K, used 7232K [0x037d0000, 0x03fa0000, 0x18d20000)
  eden space 6464K, 100% used [0x037d0000, 0x03e20000, 0x03e20000)
  from space 768K, 100% used [0x03e20000, 0x03ee0000, 0x03ee0000)
  to   space 768K,   0% used [0x03ee0000, 0x03ee0000, 0x03fa0000)
 tenured generation   total 15856K, used 14916K [0x18d20000, 0x19c9c000, 0x437d0000)
   the space 15856K,  94% used [0x18d20000, 0x19bb11d0, 0x19bb1200, 0x19c9c000)
 compacting perm gen  total 22016K, used 21846K [0x437d0000, 0x44d50000, 0x537d0000)
   the space 22016K,  99% used [0x437d0000, 0x44d25ae8, 0x44d25c00, 0x44d50000)
No shared spaces configured.
Event: 22.639 GC heap after
Heap after GC invocations=64 (full 2):
 def new generation   total 7232K, used 768K [0x037d0000, 0x03fa0000, 0x18d20000)
  eden space 6464K,   0% used [0x037d0000, 0x037d0000, 0x03e20000)
  from space 768K, 100% used [0x03ee0000, 0x03fa0000, 0x03fa0000)
  to   space 768K,   0% used [0x03e20000, 0x03e20000, 0x03ee0000)
 tenured generation   total 15856K, used 15738K [0x18d20000, 0x19c9c000, 0x437d0000)
   the space 15856K,  99% used [0x18d20000, 0x19c7eb18, 0x19c7ec00, 0x19c9c000)
 compacting perm gen  total 22016K, used 21846K [0x437d0000, 0x44d50000, 0x537d0000)
   the space 22016K,  99% used [0x437d0000, 0x44d25ae8, 0x44d25c00, 0x44d50000)
No shared spaces configured.
}

