# JRE version: 7.0_13-b20
# Java VM: Java HotSpot(TM) Client VM (23.7-b01 mixed mode windows-x86 )
Heap
 def new generation   total 14976K, used 5762K [0x03cc0000, 0x04d00000, 0x19210000)
  eden space 13312K,  35% used [0x03cc0000, 0x0414d550, 0x049c0000)
  from space 1664K,  66% used [0x04b60000, 0x04c735c8, 0x04d00000)
  to   space 1664K,   0% used [0x049c0000, 0x049c0000, 0x04b60000)
 tenured generation   total 33168K, used 31865K [0x19210000, 0x1b274000, 0x43cc0000)
   the space 33168K,  96% used [0x19210000, 0x1b12e690, 0x1b12e800, 0x1b274000)
 compacting perm gen  total 29952K, used 29893K [0x43cc0000, 0x45a00000, 0x53cc0000)
   the space 29952K,  99% used [0x43cc0000, 0x459f1538, 0x459f1600, 0x45a00000)
GC Heap History (10 events):
Event: 36.073 GC heap before
{Heap before GC invocations=81 (full 4):
 def new generation   total 14976K, used 14541K [0x03cc0000, 0x04d00000, 0x19210000)
  eden space 13312K, 100% used [0x03cc0000, 0x049c0000, 0x049c0000)
  from space 1664K,  73% used [0x049c0000, 0x04af3678, 0x04b60000)
  to   space 1664K,   0% used [0x04b60000, 0x04b60000, 0x04d00000)
 tenured generation   total 33168K, used 24580K [0x19210000, 0x1b274000, 0x43cc0000)
   the space 33168K,  74% used [0x19210000, 0x1aa112b0, 0x1aa11400, 0x1b274000)
 compacting perm gen  total 29184K, used 29098K [0x43cc0000, 0x45940000, 0x53cc0000)
   the space 29184K,  99% used [0x43cc0000, 0x4592a8a0, 0x4592aa00, 0x45940000)
No shared spaces configured.
Event: 36.102 GC heap after
Heap after GC invocations=82 (full 4):
 def new generation   total 14976K, used 1499K [0x03cc0000, 0x04d00000, 0x19210000)
  eden space 13312K,   0% used [0x03cc0000, 0x03cc0000, 0x049c0000)
  from space 1664K,  90% used [0x04b60000, 0x04cd6dc0, 0x04d00000)
  to   space 1664K,   0% used [0x049c0000, 0x049c0000, 0x04b60000)
 tenured generation   total 33168K, used 25515K [0x19210000, 0x1b274000, 0x43cc0000)
   the space 33168K,  76% used [0x19210000, 0x1aafaf00, 0x1aafb000, 0x1b274000)
 compacting perm gen  total 29184K, used 29098K [0x43cc0000, 0x45940000, 0x53cc0000)
   the space 29184K,  99% used [0x43cc0000, 0x4592a8a0, 0x4592aa00, 0x45940000)
No shared spaces configured.
}
Event: 36.757 GC heap before
{Heap before GC invocations=82 (full 4):
 def new generation   total 14976K, used 14811K [0x03cc0000, 0x04d00000, 0x19210000)
  eden space 13312K, 100% used [0x03cc0000, 0x049c0000, 0x049c0000)
  from space 1664K,  90% used [0x04b60000, 0x04cd6dc0, 0x04d00000)
  to   space 1664K,   0% used [0x049c0000, 0x049c0000, 0x04b60000)
 tenured generation   total 33168K, used 25515K [0x19210000, 0x1b274000, 0x43cc0000)
   the space 33168K,  76% used [0x19210000, 0x1aafaf00, 0x1aafb000, 0x1b274000)
 compacting perm gen  total 29696K, used 29485K [0x43cc0000, 0x459c0000, 0x53cc0000)
   the space 29696K,  99% used [0x43cc0000, 0x4598b788, 0x4598b800, 0x459c0000)
No shared spaces configured.
Event: 36.791 GC heap after
Heap after GC invocations=83 (full 4):
 def new generation   total 14976K, used 1664K [0x03cc0000, 0x04d00000, 0x19210000)
  eden space 13312K,   0% used [0x03cc0000, 0x03cc0000, 0x049c0000)
  from space 1664K, 100% used [0x049c0000, 0x04b60000, 0x04b60000)
  to   space 1664K,   0% used [0x04b60000, 0x04b60000, 0x04d00000)
 tenured generation   total 33168K, used 26866K [0x19210000, 0x1b274000, 0x43cc0000)
   the space 33168K,  81% used [0x19210000, 0x1ac4c9e0, 0x1ac4ca00, 0x1b274000)
 compacting perm gen  total 29696K, used 29485K [0x43cc0000, 0x459c0000, 0x53cc0000)
   the space 29696K,  99% used [0x43cc0000, 0x4598b788, 0x4598b800, 0x459c0000)
No shared spaces configured.
}
Event: 37.603 GC heap before
{Heap before GC invocations=83 (full 4):
 def new generation   total 14976K, used 14976K [0x03cc0000, 0x04d00000, 0x19210000)
  eden space 13312K, 100% used [0x03cc0000, 0x049c0000, 0x049c0000)
  from space 1664K, 100% used [0x049c0000, 0x04b60000, 0x04b60000)
  to   space 1664K,   0% used [0x04b60000, 0x04b60000, 0x04d00000)
 tenured generation   total 33168K, used 26866K [0x19210000, 0x1b274000, 0x43cc0000)
   the space 33168K,  81% used [0x19210000, 0x1ac4c9e0, 0x1ac4ca00, 0x1b274000)
 compacting perm gen  total 29696K, used 29653K [0x43cc0000, 0x459c0000, 0x53cc0000)
   the space 29696K,  99% used [0x43cc0000, 0x459b5798, 0x459b5800, 0x459c0000)
No shared spaces configured.
Event: 37.642 GC heap after
Heap after GC invocations=84 (full 4):
 def new generation   total 14976K, used 1615K [0x03cc0000, 0x04d00000, 0x19210000)
  eden space 13312K,   0% used [0x03cc0000, 0x03cc0000, 0x049c0000)
  from space 1664K,  97% used [0x04b60000, 0x04cf3e88, 0x04d00000)
  to   space 1664K,   0% used [0x049c0000, 0x049c0000, 0x04b60000)
 tenured generation   total 33168K, used 28344K [0x19210000, 0x1b274000, 0x43cc0000)
   the space 33168K,  85% used [0x19210000, 0x1adbe3b0, 0x1adbe400, 0x1b274000)
 compacting perm gen  total 29696K, used 29653K [0x43cc0000, 0x459c0000, 0x53cc0000)
   the space 29696K,  99% used [0x43cc0000, 0x459b5798, 0x459b5800, 0x459c0000)
No shared spaces configured.
}
Event: 38.270 GC heap before
{Heap before GC invocations=84 (full 4):
 def new generation   total 14976K, used 14927K [0x03cc0000, 0x04d00000, 0x19210000)
  eden space 13312K, 100% used [0x03cc0000, 0x049c0000, 0x049c0000)
  from space 1664K,  97% used [0x04b60000, 0x04cf3e88, 0x04d00000)
  to   space 1664K,   0% used [0x049c0000, 0x049c0000, 0x04b60000)
 tenured generation   total 33168K, used 28344K [0x19210000, 0x1b274000, 0x43cc0000)
   the space 33168K,  85% used [0x19210000, 0x1adbe3b0, 0x1adbe400, 0x1b274000)
 compacting perm gen  total 29952K, used 29803K [0x43cc0000, 0x45a00000, 0x53cc0000)
   the space 29952K,  99% used [0x43cc0000, 0x459dae70, 0x459db000, 0x45a00000)
No shared spaces configured.
Event: 38.309 GC heap after
Heap after GC invocations=85 (full 4):
 def new generation   total 14976K, used 1664K [0x03cc0000, 0x04d00000, 0x19210000)
  eden space 13312K,   0% used [0x03cc0000, 0x03cc0000, 0x049c0000)
  from space 1664K, 100% used [0x049c0000, 0x04b60000, 0x04b60000)
  to   space 1664K,   0% used [0x04b60000, 0x04b60000, 0x04d00000)
 tenured generation   total 33168K, used 30208K [0x19210000, 0x1b274000, 0x43cc0000)
   the space 33168K,  91% used [0x19210000, 0x1af90100, 0x1af90200, 0x1b274000)
 compacting perm gen  total 29952K, used 29803K [0x43cc0000, 0x45a00000, 0x53cc0000)
   the space 29952K,  99% used [0x43cc0000, 0x459dae70, 0x459db000, 0x45a00000)
No shared spaces configured.
}
Event: 38.747 GC heap before
{Heap before GC invocations=85 (full 4):
 def new generation   total 14976K, used 14976K [0x03cc0000, 0x04d00000, 0x19210000)
  eden space 13312K, 100% used [0x03cc0000, 0x049c0000, 0x049c0000)
  from space 1664K, 100% used [0x049c0000, 0x04b60000, 0x04b60000)
  to   space 1664K,   0% used [0x04b60000, 0x04b60000, 0x04d00000)
 tenured generation   total 33168K, used 30208K [0x19210000, 0x1b274000, 0x43cc0000)
   the space 33168K,  91% used [0x19210000, 0x1af90100, 0x1af90200, 0x1b274000)
 compacting perm gen  total 29952K, used 29862K [0x43cc0000, 0x45a00000, 0x53cc0000)
   the space 29952K,  99% used [0x43cc0000, 0x459e9bd0, 0x459e9c00, 0x45a00000)
No shared spaces configured.
Event: 38.781 GC heap after
Heap after GC invocations=86 (full 4):
 def new generation   total 14976K, used 1101K [0x03cc0000, 0x04d00000, 0x19210000)
  eden space 13312K,   0% used [0x03cc0000, 0x03cc0000, 0x049c0000)
  from space 1664K,  66% used [0x04b60000, 0x04c735c8, 0x04d00000)
  to   space 1664K,   0% used [0x049c0000, 0x049c0000, 0x04b60000)
 tenured generation   total 33168K, used 31865K [0x19210000, 0x1b274000, 0x43cc0000)
   the space 33168K,  96% used [0x19210000, 0x1b12e690, 0x1b12e800, 0x1b274000)
 compacting perm gen  total 29952K, used 29862K [0x43cc0000, 0x45a00000, 0x53cc0000)
   the space 29952K,  99% used [0x43cc0000, 0x459e9bd0, 0x459e9c00, 0x45a00000)
No shared spaces configured.
}

