# JRE version: 7.0_13-b20
# Java VM: Java HotSpot(TM) Client VM (23.7-b01 mixed mode windows-x86 )
Heap
 def new generation   total 28800K, used 26596K [0x04240000, 0x06180000, 0x19790000)
  eden space 25600K, 100% used [0x04240000, 0x05b40000, 0x05b40000)
  from space 3200K,  31% used [0x05b40000, 0x05c39008, 0x05e60000)
  to   space 3200K,  39% used [0x05e60000, 0x05f9ba80, 0x06180000)
 tenured generation   total 63816K, used 62023K [0x19790000, 0x1d5e2000, 0x44240000)
   the space 63816K,  97% used [0x19790000, 0x1d421ed0, 0x1d422000, 0x1d5e2000)
 compacting perm gen  total 41728K, used 41612K [0x44240000, 0x46b00000, 0x54240000)
   the space 41728K,  99% used [0x44240000, 0x46ae3078, 0x46ae3200, 0x46b00000)
GC Heap History (10 events):
Event: 456.396 GC heap after
Heap after GC invocations=176 (full 9):
 def new generation   total 28800K, used 852K [0x04240000, 0x06180000, 0x19790000)
  eden space 25600K,   0% used [0x04240000, 0x04240000, 0x05b40000)
  from space 3200K,  26% used [0x05b40000, 0x05c15128, 0x05e60000)
  to   space 3200K,   0% used [0x05e60000, 0x05e60000, 0x06180000)
 tenured generation   total 63816K, used 61472K [0x19790000, 0x1d5e2000, 0x44240000)
   the space 63816K,  96% used [0x19790000, 0x1d398270, 0x1d398400, 0x1d5e2000)
 compacting perm gen  total 41728K, used 41599K [0x44240000, 0x46b00000, 0x54240000)
   the space 41728K,  99% used [0x44240000, 0x46adfee8, 0x46ae0000, 0x46b00000)
No shared spaces configured.
}
Event: 459.694 GC heap before
{Heap before GC invocations=176 (full 9):
 def new generation   total 28800K, used 26452K [0x04240000, 0x06180000, 0x19790000)
  eden space 25600K, 100% used [0x04240000, 0x05b40000, 0x05b40000)
  from space 3200K,  26% used [0x05b40000, 0x05c15128, 0x05e60000)
  to   space 3200K,   0% used [0x05e60000, 0x05e60000, 0x06180000)
 tenured generation   total 63816K, used 61472K [0x19790000, 0x1d5e2000, 0x44240000)
   the space 63816K,  96% used [0x19790000, 0x1d398270, 0x1d398400, 0x1d5e2000)
 compacting perm gen  total 41728K, used 41599K [0x44240000, 0x46b00000, 0x54240000)
   the space 41728K,  99% used [0x44240000, 0x46adff38, 0x46ae0000, 0x46b00000)
No shared spaces configured.
Event: 459.712 GC heap after
Heap after GC invocations=177 (full 9):
 def new generation   total 28800K, used 1122K [0x04240000, 0x06180000, 0x19790000)
  eden space 25600K,   0% used [0x04240000, 0x04240000, 0x05b40000)
  from space 3200K,  35% used [0x05e60000, 0x05f78b90, 0x06180000)
  to   space 3200K,   0% used [0x05b40000, 0x05b40000, 0x05e60000)
 tenured generation   total 63816K, used 61472K [0x19790000, 0x1d5e2000, 0x44240000)
   the space 63816K,  96% used [0x19790000, 0x1d398270, 0x1d398400, 0x1d5e2000)
 compacting perm gen  total 41728K, used 41599K [0x44240000, 0x46b00000, 0x54240000)
   the space 41728K,  99% used [0x44240000, 0x46adff38, 0x46ae0000, 0x46b00000)
No shared spaces configured.
}
Event: 463.074 GC heap before
{Heap before GC invocations=177 (full 9):
 def new generation   total 28800K, used 26471K [0x04240000, 0x06180000, 0x19790000)
  eden space 25600K,  99% used [0x04240000, 0x05b010b8, 0x05b40000)
  from space 3200K,  35% used [0x05e60000, 0x05f78b90, 0x06180000)
  to   space 3200K,   0% used [0x05b40000, 0x05b40000, 0x05e60000)
 tenured generation   total 63816K, used 61472K [0x19790000, 0x1d5e2000, 0x44240000)
   the space 63816K,  96% used [0x19790000, 0x1d398270, 0x1d398400, 0x1d5e2000)
 compacting perm gen  total 41728K, used 41606K [0x44240000, 0x46b00000, 0x54240000)
   the space 41728K,  99% used [0x44240000, 0x46ae19b0, 0x46ae1a00, 0x46b00000)
No shared spaces configured.
Event: 463.090 GC heap after
Heap after GC invocations=178 (full 9):
 def new generation   total 28800K, used 1225K [0x04240000, 0x06180000, 0x19790000)
  eden space 25600K,   0% used [0x04240000, 0x04240000, 0x05b40000)
  from space 3200K,  38% used [0x05b40000, 0x05c72620, 0x05e60000)
  to   space 3200K,   0% used [0x05e60000, 0x05e60000, 0x06180000)
 tenured generation   total 63816K, used 61472K [0x19790000, 0x1d5e2000, 0x44240000)
   the space 63816K,  96% used [0x19790000, 0x1d398270, 0x1d398400, 0x1d5e2000)
 compacting perm gen  total 41728K, used 41606K [0x44240000, 0x46b00000, 0x54240000)
   the space 41728K,  99% used [0x44240000, 0x46ae19b0, 0x46ae1a00, 0x46b00000)
No shared spaces configured.
}
Event: 467.559 GC heap before
{Heap before GC invocations=178 (full 9):
 def new generation   total 28800K, used 26825K [0x04240000, 0x06180000, 0x19790000)
  eden space 25600K, 100% used [0x04240000, 0x05b40000, 0x05b40000)
  from space 3200K,  38% used [0x05b40000, 0x05c72620, 0x05e60000)
  to   space 3200K,   0% used [0x05e60000, 0x05e60000, 0x06180000)
 tenured generation   total 63816K, used 61472K [0x19790000, 0x1d5e2000, 0x44240000)
   the space 63816K,  96% used [0x19790000, 0x1d398270, 0x1d398400, 0x1d5e2000)
 compacting perm gen  total 41728K, used 41612K [0x44240000, 0x46b00000, 0x54240000)
   the space 41728K,  99% used [0x44240000, 0x46ae3078, 0x46ae3200, 0x46b00000)
No shared spaces configured.
Event: 467.578 GC heap after
Heap after GC invocations=179 (full 9):
 def new generation   total 28800K, used 1616K [0x04240000, 0x06180000, 0x19790000)
  eden space 25600K,   0% used [0x04240000, 0x04240000, 0x05b40000)
  from space 3200K,  50% used [0x05e60000, 0x05ff4038, 0x06180000)
  to   space 3200K,   0% used [0x05b40000, 0x05b40000, 0x05e60000)
 tenured generation   total 63816K, used 61472K [0x19790000, 0x1d5e2000, 0x44240000)
   the space 63816K,  96% used [0x19790000, 0x1d398270, 0x1d398400, 0x1d5e2000)
 compacting perm gen  total 41728K, used 41612K [0x44240000, 0x46b00000, 0x54240000)
   the space 41728K,  99% used [0x44240000, 0x46ae3078, 0x46ae3200, 0x46b00000)
No shared spaces configured.
}
Event: 498.315 GC heap before
{Heap before GC invocations=179 (full 9):
 def new generation   total 28800K, used 27216K [0x04240000, 0x06180000, 0x19790000)
  eden space 25600K, 100% used [0x04240000, 0x05b40000, 0x05b40000)
  from space 3200K,  50% used [0x05e60000, 0x05ff4038, 0x06180000)
  to   space 3200K,   0% used [0x05b40000, 0x05b40000, 0x05e60000)
 tenured generation   total 63816K, used 61472K [0x19790000, 0x1d5e2000, 0x44240000)
   the space 63816K,  96% used [0x19790000, 0x1d398270, 0x1d398400, 0x1d5e2000)
 compacting perm gen  total 41728K, used 41612K [0x44240000, 0x46b00000, 0x54240000)
   the space 41728K,  99% used [0x44240000, 0x46ae3078, 0x46ae3200, 0x46b00000)
No shared spaces configured.
Event: 498.340 GC heap after
Heap after GC invocations=180 (full 9):
 def new generation   total 28800K, used 996K [0x04240000, 0x06180000, 0x19790000)
  eden space 25600K,   0% used [0x04240000, 0x04240000, 0x05b40000)
  from space 3200K,  31% used [0x05b40000, 0x05c39008, 0x05e60000)
  to   space 3200K,   0% used [0x05e60000, 0x05e60000, 0x06180000)
 tenured generation   total 63816K, used 62023K [0x19790000, 0x1d5e2000, 0x44240000)
   the space 63816K,  97% used [0x19790000, 0x1d421ed0, 0x1d422000, 0x1d5e2000)
 compacting perm gen  total 41728K, used 41612K [0x44240000, 0x46b00000, 0x54240000)
   the space 41728K,  99% used [0x44240000, 0x46ae3078, 0x46ae3200, 0x46b00000)
No shared spaces configured.
}
Event: 516.548 GC heap before
{Heap before GC invocations=180 (full 9):
 def new generation   total 28800K, used 26596K [0x04240000, 0x06180000, 0x19790000)
  eden space 25600K, 100% used [0x04240000, 0x05b40000, 0x05b40000)
  from space 3200K,  31% used [0x05b40000, 0x05c39008, 0x05e60000)
  to   space 3200K,   0% used [0x05e60000, 0x05e60000, 0x06180000)
 tenured generation   total 63816K, used 62023K [0x19790000, 0x1d5e2000, 0x44240000)
   the space 63816K,  97% used [0x19790000, 0x1d421ed0, 0x1d422000, 0x1d5e2000)
 compacting perm gen  total 41728K, used 41612K [0x44240000, 0x46b00000, 0x54240000)
   the space 41728K,  99% used [0x44240000, 0x46ae3078, 0x46ae3200, 0x46b00000)
No shared spaces configured.

